<?xml version="1.0" encoding="UTF-8"?>
<!-- Generated by org.testng.reporters.JUnitXMLReporter -->
<testsuite hostname="WIN-HQ5D7S9H79R" ignored="15" name="Set2 Order Via Tab test" tests="3" failures="1" timestamp="11 дек 2017 13:30:15 GMT" time="184.632" errors="0">
  <testcase name="testSizes" time="66.924" classname="graduateprojectpackage.ArtistInOrder"/>
  <testcase name="testSizes" time="69.946" classname="graduateprojectpackage.SalonInOrder"/>
  <testcase name="testSizes" time="37.936" classname="graduateprojectpackage.Services">
    <failure type="org.openqa.selenium.NoSuchElementException" message="no such element: Unable to locate element: {&amp;quot;method&amp;quot;:&amp;quot;name&amp;quot;,&amp;quot;selector&amp;quot;:&amp;quot;email&amp;quot;}
  (Session info: chrome with embedded Chromium 62.0.3202.89)
  (Driver info: OperaDriver=2.32 (cfa164127aab5f93e5e47d9dcf8407380eb42c50),platform=Windows NT 10.0.16299 x86_64) (WARNING: The server did not provide any stacktrace information)
Command duration or timeout: 0 milliseconds
For documentation on this error, please visit: http://seleniumhq.org/exceptions/no_such_element.html
Build info: version: &amp;apos;3.7.1&amp;apos;, revision: &amp;apos;8a0099a&amp;apos;, time: &amp;apos;2017-11-06T21:07:31.527Z&amp;apos;
System info: host: &amp;apos;WIN-HQ5D7S9H79R&amp;apos;, ip: &amp;apos;192.168.1.4&amp;apos;, os.name: &amp;apos;Windows 10&amp;apos;, os.arch: &amp;apos;amd64&amp;apos;, os.version: &amp;apos;10.0&amp;apos;, java.version: &amp;apos;1.8.0_144&amp;apos;
Driver info: org.openqa.selenium.opera.OperaDriver
Capabilities {acceptSslCerts: true, applicationCacheEnabled: false, browserConnectionEnabled: false, browserName: chrome, chrome: {chromedriverVersion: 2.32 (cfa164127aab5f93e5e47..., userDataDir: C:\Users\B707~1\AppData\Loc...}, cssSelectorsEnabled: true, databaseEnabled: false, handlesAlerts: true, hasTouchScreen: false, javascriptEnabled: true, locationContextEnabled: true, mobileEmulationEnabled: false, nativeEvents: true, networkConnectionEnabled: false, pageLoadStrategy: normal, platform: XP, platformName: XP, rotatable: false, setWindowRect: true, takesHeapSnapshot: true, takesScreenshot: true, unexpectedAlertBehaviour: , unhandledPromptBehavior: , version: 62.0.3202.89, webStorageEnabled: true}
Session ID: afab6aed0c44559e923aa7faf765e524
*** Element info: {Using=name, value=email}">
      <![CDATA[org.openqa.selenium.NoSuchElementException: no such element: Unable to locate element: {"method":"name","selector":"email"}
  (Session info: chrome with embedded Chromium 62.0.3202.89)
  (Driver info: OperaDriver=2.32 (cfa164127aab5f93e5e47d9dcf8407380eb42c50),platform=Windows NT 10.0.16299 x86_64) (WARNING: The server did not provide any stacktrace information)
Command duration or timeout: 0 milliseconds
For documentation on this error, please visit: http://seleniumhq.org/exceptions/no_such_element.html
Build info: version: '3.7.1', revision: '8a0099a', time: '2017-11-06T21:07:31.527Z'
System info: host: 'WIN-HQ5D7S9H79R', ip: '192.168.1.4', os.name: 'Windows 10', os.arch: 'amd64', os.version: '10.0', java.version: '1.8.0_144'
Driver info: org.openqa.selenium.opera.OperaDriver
Capabilities {acceptSslCerts: true, applicationCacheEnabled: false, browserConnectionEnabled: false, browserName: chrome, chrome: {chromedriverVersion: 2.32 (cfa164127aab5f93e5e47..., userDataDir: C:\Users\B707~1\AppData\Loc...}, cssSelectorsEnabled: true, databaseEnabled: false, handlesAlerts: true, hasTouchScreen: false, javascriptEnabled: true, locationContextEnabled: true, mobileEmulationEnabled: false, nativeEvents: true, networkConnectionEnabled: false, pageLoadStrategy: normal, platform: XP, platformName: XP, rotatable: false, setWindowRect: true, takesHeapSnapshot: true, takesScreenshot: true, unexpectedAlertBehaviour: , unhandledPromptBehavior: , version: 62.0.3202.89, webStorageEnabled: true}
Session ID: afab6aed0c44559e923aa7faf765e524
*** Element info: {Using=name, value=email}
	at sun.reflect.NativeConstructorAccessorImpl.newInstance0(Native Method)
	at sun.reflect.NativeConstructorAccessorImpl.newInstance(Unknown Source)
	at sun.reflect.DelegatingConstructorAccessorImpl.newInstance(Unknown Source)
	at java.lang.reflect.Constructor.newInstance(Unknown Source)
	at org.openqa.selenium.remote.ErrorHandler.createThrowable(ErrorHandler.java:214)
	at org.openqa.selenium.remote.ErrorHandler.throwIfResponseFailed(ErrorHandler.java:166)
	at org.openqa.selenium.remote.http.JsonHttpResponseCodec.reconstructValue(JsonHttpResponseCodec.java:40)
	at org.openqa.selenium.remote.http.AbstractHttpResponseCodec.decode(AbstractHttpResponseCodec.java:80)
	at org.openqa.selenium.remote.http.AbstractHttpResponseCodec.decode(AbstractHttpResponseCodec.java:44)
	at org.openqa.selenium.remote.HttpCommandExecutor.execute(HttpCommandExecutor.java:164)
	at org.openqa.selenium.remote.service.DriverCommandExecutor.execute(DriverCommandExecutor.java:83)
	at org.openqa.selenium.remote.RemoteWebDriver.execute(RemoteWebDriver.java:600)
	at org.openqa.selenium.remote.RemoteWebDriver.findElement(RemoteWebDriver.java:370)
	at org.openqa.selenium.remote.RemoteWebDriver.findElementByName(RemoteWebDriver.java:448)
	at org.openqa.selenium.By$ByName.findElement(By.java:303)
	at org.openqa.selenium.remote.RemoteWebDriver.findElement(RemoteWebDriver.java:362)
	at graduateprojectpackage.HelpMethodsT.insertNamePassword(HelpMethodsT.java:21)
	at graduateprojectpackage.Services.testSizes(Services.java:31)
	at sun.reflect.NativeMethodAccessorImpl.invoke0(Native Method)
	at sun.reflect.NativeMethodAccessorImpl.invoke(Unknown Source)
	at sun.reflect.DelegatingMethodAccessorImpl.invoke(Unknown Source)
	at java.lang.reflect.Method.invoke(Unknown Source)
	at org.testng.internal.MethodInvocationHelper.invokeMethod(MethodInvocationHelper.java:108)
	at org.testng.internal.Invoker.invokeMethod(Invoker.java:669)
	at org.testng.internal.Invoker.invokeTestMethod(Invoker.java:877)
	at org.testng.internal.Invoker.invokeTestMethods(Invoker.java:1201)
	at org.testng.internal.TestMethodWorker.invokeTestMethods(TestMethodWorker.java:125)
	at org.testng.internal.TestMethodWorker.run(TestMethodWorker.java:109)
	at org.testng.TestRunner.privateRun(TestRunner.java:776)
	at org.testng.TestRunner.run(TestRunner.java:634)
	at org.testng.SuiteRunner.runTest(SuiteRunner.java:425)
	at org.testng.SuiteRunner.runSequentially(SuiteRunner.java:420)
	at org.testng.SuiteRunner.privateRun(SuiteRunner.java:385)
	at org.testng.SuiteRunner.run(SuiteRunner.java:334)
	at org.testng.SuiteRunnerWorker.runSuite(SuiteRunnerWorker.java:52)
	at org.testng.SuiteRunnerWorker.run(SuiteRunnerWorker.java:86)
	at org.testng.TestNG.runSuitesSequentially(TestNG.java:1318)
	at org.testng.TestNG.runSuitesLocally(TestNG.java:1243)
	at org.testng.TestNG.runSuites(TestNG.java:1161)
	at org.testng.TestNG.run(TestNG.java:1129)
	at org.testng.remote.AbstractRemoteTestNG.run(AbstractRemoteTestNG.java:114)
	at org.testng.remote.RemoteTestNG.initAndRun(RemoteTestNG.java:251)
	at org.testng.remote.RemoteTestNG.main(RemoteTestNG.java:77)
]]>
    </failure>
  </testcase> <!-- testSizes -->
  <testcase name="testArtist" time="0.0" classname="graduateprojectpackage.Artist">
    <ignored/>
  </testcase> <!-- testArtist -->
  <testcase name="testSizes" time="0.0" classname="graduateprojectpackage.CalculatorMozilla">
    <ignored/>
  </testcase> <!-- testSizes -->
  <testcase name="testArtist" time="0.0" classname="graduateprojectpackage.ArtistShowMore">
    <ignored/>
  </testcase> <!-- testArtist -->
  <testcase name="testSizes" time="0.0" classname="graduateprojectpackage.Calculator">
    <ignored/>
  </testcase> <!-- testSizes -->
  <testcase name="testMap" time="0.0" classname="graduateprojectpackage.MapMozillla">
    <ignored/>
  </testcase> <!-- testMap -->
  <testcase name="testPics" time="0.0" classname="graduateprojectpackage.Pics">
    <ignored/>
  </testcase> <!-- testPics -->
  <testcase name="testSizes" time="0.0" classname="graduateprojectpackage.Sizes">
    <ignored/>
  </testcase> <!-- testSizes -->
  <testcase name="testLogin" time="0.0" classname="graduateprojectpackage.LoginMozillaT">
    <ignored/>
  </testcase> <!-- testLogin -->
  <testcase name="testLogin" time="0.0" classname="graduateprojectpackage.LoginOperaT">
    <ignored/>
  </testcase> <!-- testLogin -->
  <testcase name="testSizes" time="0.0" classname="graduateprojectpackage.Order">
    <ignored/>
  </testcase> <!-- testSizes -->
  <testcase name="testSalon" time="0.0" classname="graduateprojectpackage.SalonShowMore">
    <ignored/>
  </testcase> <!-- testSalon -->
  <testcase name="testMap" time="0.0" classname="graduateprojectpackage.Map">
    <ignored/>
  </testcase> <!-- testMap -->
  <testcase name="testPics" time="0.0" classname="graduateprojectpackage.PicsShowMore">
    <ignored/>
  </testcase> <!-- testPics -->
  <testcase name="testSizes" time="0.0" classname="graduateprojectpackage.OrderOwnImage">
    <ignored/>
  </testcase> <!-- testSizes -->
  <testcase name="testSalon" time="0.0" classname="graduateprojectpackage.Salon">
    <ignored/>
  </testcase> <!-- testSalon -->
</testsuite> <!-- Set2 Order Via Tab test -->
